<?xml version="1.0" encoding="UTF-8"?>
<!-- Generated by org.testng.reporters.JUnitReportReporter -->
<testsuite hostname="BaZzinGa" failures="0" tests="1" name="LoginScript" time="3.686" errors="0" timestamp="2020-04-29T11:43:05 IST" skipped="0">
  <testcase classname="LoginScript" name="launchBrowser" time="3.686"/>
</testsuite> <!-- LoginScript -->
